[22:41:18] [main/INFO]: Loading Minecraft 1.21.8 with Fabric Loader 0.16.14
[22:41:18] [main/INFO]: Loading 4 mods:
	- fabricloader 0.16.14
	   \-- mixinextras 0.4.1
	- java 21
	- minecraft 1.21.8
[22:41:18] [main/INFO]: SpongePowered MIXIN Subsystem Version=0.8.7 Source=file:/workspaces/miniature-eureka/servidor_minecraft/libraries/net/fabricmc/sponge-mixin/0.15.5+mixin.0.8.7/sponge-mixin-0.15.5+mixin.0.8.7.jar Service=Knot/Fabric Env=SERVER
[22:41:24] [main/INFO]: Environment: Environment[sessionHost=https://sessionserver.mojang.com, servicesHost=https://api.minecraftservices.com, name=PROD]
[22:41:25] [main/INFO]: No existing world data, creating new world
[22:41:26] [main/INFO]: Loaded 1407 recipes
[22:41:26] [main/INFO]: Loaded 1520 advancements
[22:41:26] [Server thread/INFO]: Starting minecraft server version 1.21.8
[22:41:26] [Server thread/INFO]: Loading properties
[22:41:26] [Server thread/INFO]: Default game type: SURVIVAL
[22:41:26] [Server thread/INFO]: Generating keypair
[22:41:26] [Server thread/INFO]: Starting Minecraft server on *:25565
[22:41:27] [Server thread/INFO]: Using epoll channel type
[22:41:27] [Server thread/WARN]: **** SERVER IS RUNNING IN OFFLINE/INSECURE MODE!
[22:41:27] [Server thread/WARN]: The server will make no attempt to authenticate usernames. Beware.
[22:41:27] [Server thread/WARN]: While this makes the game possible to play without internet access, it also opens up the ability for hackers to connect with any username they choose.
[22:41:27] [Server thread/WARN]: To change this, set "online-mode" to "true" in the server.properties file.
[22:41:27] [Server thread/INFO]: Preparing level "world"
[22:41:34] [Server thread/INFO]: Preparing start region for dimension minecraft:overworld
[22:41:34] [Worker-Main-1/INFO]: Preparing spawn area: 2%
[22:41:35] [Worker-Main-1/INFO]: Preparing spawn area: 2%
[22:41:35] [Worker-Main-1/INFO]: Preparing spawn area: 2%
[22:41:36] [Worker-Main-2/INFO]: Preparing spawn area: 2%
[22:41:36] [Worker-Main-3/INFO]: Preparing spawn area: 2%
[22:41:37] [Worker-Main-1/INFO]: Preparing spawn area: 18%
[22:41:37] [Worker-Main-2/INFO]: Preparing spawn area: 18%
[22:41:38] [Worker-Main-2/INFO]: Preparing spawn area: 18%
[22:41:38] [Worker-Main-3/INFO]: Preparing spawn area: 51%
[22:41:39] [Worker-Main-3/INFO]: Preparing spawn area: 51%
[22:41:39] [Worker-Main-1/INFO]: Preparing spawn area: 51%
[22:41:40] [Server thread/INFO]: Time elapsed: 5304 ms
[22:41:40] [Server thread/INFO]: Done (12.851s)! For help, type "help"
[22:42:39] [Server thread/INFO]: Server empty for 60 seconds, pausing
[22:44:27] [Server thread/INFO]: Stopping the server
[22:44:27] [Server thread/INFO]: Stopping server
[22:44:27] [Server thread/INFO]: Saving players
[22:44:27] [Server thread/INFO]: Saving worlds
[22:44:27] [Server thread/INFO]: Saving chunks for level 'ServerLevel[world]'/minecraft:overworld
[22:44:29] [Server thread/INFO]: Saving chunks for level 'ServerLevel[world]'/minecraft:the_end
[22:44:29] [Server thread/INFO]: Saving chunks for level 'ServerLevel[world]'/minecraft:the_nether
[22:44:29] [Server thread/INFO]: ThreadedAnvilChunkStorage (world): All chunks are saved
[22:44:29] [Server thread/INFO]: ThreadedAnvilChunkStorage (DIM1): All chunks are saved
[22:44:29] [Server thread/INFO]: ThreadedAnvilChunkStorage (DIM-1): All chunks are saved
[22:44:29] [Server thread/INFO]: ThreadedAnvilChunkStorage: All dimensions are saved
